<?xml version="1.0" encoding="UTF-8"?>
<!-- Generated by org.testng.reporters.JUnitReportReporter -->
<testsuite skipped="0" hostname="WKWAE4834578" name="resources.ExtentReport" tests="1" failures="0" timestamp="2020-11-01T10:15:05 GST" time="8.105" errors="0">
  <testcase name="initialDemo" time="8.105" classname="resources.ExtentReport"/>
  <system-out/>
</testsuite> <!-- resources.ExtentReport -->
